<?xml version="1.0" encoding="UTF-8"?>
<testsuites>
  <testsuite name="Test Scenario API Get for all the declined users from Vado" timestamp="2023-06-18T18:20:05" time="0.968" tests="2" failures="0" errors="0" skipped="0">
    <properties>
      <property name="specId" value="0"/>
      <property name="suiteName" value="Test Scenario: API Get for all the declined users from Vado"/>
      <property name="capabilities" value="chrome.114_0_5735_133.macosx"/>
      <property name="file" value="file:///Users/negimags/Downloads/Download%20Software/TestingFrameworks/demoProject/API/WebdriverIO/testingwebdriverio/test/specs/vado_login.spec.js"/>
    </properties>
    <testcase classname="chrome.114_0_5735_133.macosx.Test_Scenario:_API_Get_for_all_the_declined_users_from_Vado" name="Test Case Should not login into the application and give 500" time="0.434"/>
    <testcase classname="chrome.114_0_5735_133.macosx.Test_Scenario:_API_Get_for_all_the_declined_users_from_Vado" name="Test Case2 Should login into the application" time="0.52">
      <system-out><![CDATA[
COMMAND: DELETE /session/68f18ee81835f60c4e3de9a503cad4e0 - {}
RESULT: {}
]]></system-out>
    </testcase>
  </testsuite>
</testsuites>