<?xml version="1.0" encoding="UTF-8"?>
<testsuites>
  <testsuite name="Test Scenario Get all values after logging in" timestamp="2023-06-18T18:20:05" time="4.727" tests="1" failures="0" errors="0" skipped="0">
    <properties>
      <property name="specId" value="0"/>
      <property name="suiteName" value="Test Scenario: Get all values after logging in"/>
      <property name="capabilities" value="chrome.114_0_5735_133.macosx"/>
      <property name="file" value="file:///Users/negimags/Downloads/Download%20Software/TestingFrameworks/demoProject/API/WebdriverIO/testingwebdriverio/test/specs/vado_fetch_values.spec.js"/>
    </properties>
    <testcase classname="chrome.114_0_5735_133.macosx.Test_Scenario:_Get_all_values_after_logging_in" name="Test Case2 Should login into the application" time="4.706">
      <system-out><![CDATA[
COMMAND: DELETE /session/6d330a5a944ccdcab4f693ea2a2c4715 - {}
RESULT: {}
]]></system-out>
    </testcase>
  </testsuite>
</testsuites>